# JRE version: OpenJDK Runtime Environment (8.0_252-b09) (build 1.8.0_252-8u252-b09-1~16.04-b09)
# Java VM: OpenJDK 64-Bit Server VM (25.252-b09 mixed mode linux-amd64 compressed oops)
Heap:
 PSYoungGen      total 261120K, used 47830K [0x000000076d380000, 0x0000000782a00000, 0x00000007c0000000)
  eden space 210944K, 0% used [0x000000076d380000,0x000000076d380000,0x000000077a180000)
  from space 50176K, 95% used [0x000000077f900000,0x00000007827b5ab0,0x0000000782a00000)
  to   space 45568K, 0% used [0x000000077a180000,0x000000077a180000,0x000000077ce00000)
 ParOldGen       total 338432K, used 80084K [0x00000006c7a00000, 0x00000006dc480000, 0x000000076d380000)
  object space 338432K, 23% used [0x00000006c7a00000,0x00000006cc835288,0x00000006dc480000)
 Metaspace       used 117356K, capacity 137286K, committed 137640K, reserved 1169408K
  class space    used 16889K, capacity 17991K, committed 18096K, reserved 1048576K
GC Heap History (10 events):
Event: 12.505 GC heap after
Heap after GC invocations=15 (full 4):
 PSYoungGen      total 184320K, used 13169K [0x000000076d380000, 0x000000077bb80000, 0x00000007c0000000)
  eden space 157696K, 0% used [0x000000076d380000,0x000000076d380000,0x0000000776d80000)
  from space 26624K, 49% used [0x0000000776d80000,0x0000000777a5c490,0x0000000778780000)
  to   space 25600K, 0% used [0x000000077a280000,0x000000077a280000,0x000000077bb80000)
 ParOldGen       total 338432K, used 43037K [0x00000006c7a00000, 0x00000006dc480000, 0x000000076d380000)
  object space 338432K, 12% used [0x00000006c7a00000,0x00000006ca4074b8,0x00000006dc480000)
 Metaspace       used 92725K, capacity 106379K, committed 106664K, reserved 1142784K
  class space    used 12664K, capacity 13407K, committed 13488K, reserved 1048576K
}
Event: 13.333 GC heap before
{Heap before GC invocations=16 (full 4):
 PSYoungGen      total 184320K, used 170865K [0x000000076d380000, 0x000000077bb80000, 0x00000007c0000000)
  eden space 157696K, 100% used [0x000000076d380000,0x0000000776d80000,0x0000000776d80000)
  from space 26624K, 49% used [0x0000000776d80000,0x0000000777a5c490,0x0000000778780000)
  to   space 25600K, 0% used [0x000000077a280000,0x000000077a280000,0x000000077bb80000)
 ParOldGen       total 338432K, used 43037K [0x00000006c7a00000, 0x00000006dc480000, 0x000000076d380000)
  object space 338432K, 12% used [0x00000006c7a00000,0x00000006ca4074b8,0x00000006dc480000)
 Metaspace       used 98705K, capacity 113041K, committed 113320K, reserved 1146880K
  class space    used 14231K, capacity 14991K, committed 15024K, reserved 1048576K
Event: 13.343 GC heap after
Heap after GC invocations=16 (full 4):
 PSYoungGen      total 204800K, used 13359K [0x000000076d380000, 0x000000077b700000, 0x00000007c0000000)
  eden space 183808K, 0% used [0x000000076d380000,0x000000076d380000,0x0000000778700000)
  from space 20992K, 63% used [0x000000077a280000,0x000000077af8bf38,0x000000077b700000)
  to   space 24576K, 0% used [0x0000000778700000,0x0000000778700000,0x0000000779f00000)
 ParOldGen       total 338432K, used 43045K [0x00000006c7a00000, 0x00000006dc480000, 0x000000076d380000)
  object space 338432K, 12% used [0x00000006c7a00000,0x00000006ca4094b8,0x00000006dc480000)
 Metaspace       used 98705K, capacity 113041K, committed 113320K, reserved 1146880K
  class space    used 14231K, capacity 14991K, committed 15024K, reserved 1048576K
}
Event: 16.343 GC heap before
{Heap before GC invocations=17 (full 4):
 PSYoungGen      total 204800K, used 197167K [0x000000076d380000, 0x000000077b700000, 0x00000007c0000000)
  eden space 183808K, 100% used [0x000000076d380000,0x0000000778700000,0x0000000778700000)
  from space 20992K, 63% used [0x000000077a280000,0x000000077af8bf38,0x000000077b700000)
  to   space 24576K, 0% used [0x0000000778700000,0x0000000778700000,0x0000000779f00000)
 ParOldGen       total 338432K, used 43045K [0x00000006c7a00000, 0x00000006dc480000, 0x000000076d380000)
  object space 338432K, 12% used [0x00000006c7a00000,0x00000006ca4094b8,0x00000006dc480000)
 Metaspace       used 107591K, capacity 123846K, committed 124072K, reserved 1157120K
  class space    used 15272K, capacity 16184K, committed 16304K, reserved 1048576K
Event: 16.429 GC heap after
Heap after GC invocations=17 (full 4):
 PSYoungGen      total 208384K, used 24572K [0x000000076d380000, 0x000000077f600000, 0x00000007c0000000)
  eden space 183808K, 0% used [0x000000076d380000,0x000000076d380000,0x0000000778700000)
  from space 24576K, 99% used [0x0000000778700000,0x0000000779eff3f0,0x0000000779f00000)
  to   space 40960K, 0% used [0x000000077ce00000,0x000000077ce00000,0x000000077f600000)
 ParOldGen       total 338432K, used 80036K [0x00000006c7a00000, 0x00000006dc480000, 0x000000076d380000)
  object space 338432K, 23% used [0x00000006c7a00000,0x00000006cc829288,0x00000006dc480000)
 Metaspace       used 107591K, capacity 123846K, committed 124072K, reserved 1157120K
  class space    used 15272K, capacity 16184K, committed 16304K, reserved 1048576K
}
Event: 17.889 GC heap before
{Heap before GC invocations=18 (full 4):
 PSYoungGen      total 208384K, used 208380K [0x000000076d380000, 0x000000077f600000, 0x00000007c0000000)
  eden space 183808K, 100% used [0x000000076d380000,0x0000000778700000,0x0000000778700000)
  from space 24576K, 99% used [0x0000000778700000,0x0000000779eff3f0,0x0000000779f00000)
  to   space 40960K, 0% used [0x000000077ce00000,0x000000077ce00000,0x000000077f600000)
 ParOldGen       total 338432K, used 80036K [0x00000006c7a00000, 0x00000006dc480000, 0x000000076d380000)
  object space 338432K, 23% used [0x00000006c7a00000,0x00000006cc829288,0x00000006dc480000)
 Metaspace       used 109523K, capacity 126572K, committed 126632K, reserved 1159168K
  class space    used 15575K, capacity 16549K, committed 16560K, reserved 1048576K
Event: 17.932 GC heap after
Heap after GC invocations=18 (full 4):
 PSYoungGen      total 251904K, used 36884K [0x000000076d380000, 0x0000000780000000, 0x00000007c0000000)
  eden space 210944K, 0% used [0x000000076d380000,0x000000076d380000,0x000000077a180000)
  from space 40960K, 90% used [0x000000077ce00000,0x000000077f205238,0x000000077f600000)
  to   space 45568K, 0% used [0x000000077a180000,0x000000077a180000,0x000000077ce00000)
 ParOldGen       total 338432K, used 80044K [0x00000006c7a00000, 0x00000006dc480000, 0x000000076d380000)
  object space 338432K, 23% used [0x00000006c7a00000,0x00000006cc82b288,0x00000006dc480000)
 Metaspace       used 109523K, capacity 126572K, committed 126632K, reserved 1159168K
  class space    used 15575K, capacity 16549K, committed 16560K, reserved 1048576K
}
Event: 19.514 GC heap before
{Heap before GC invocations=19 (full 4):
 PSYoungGen      total 251904K, used 247828K [0x000000076d380000, 0x0000000780000000, 0x00000007c0000000)
  eden space 210944K, 100% used [0x000000076d380000,0x000000077a180000,0x000000077a180000)
  from space 40960K, 90% used [0x000000077ce00000,0x000000077f205238,0x000000077f600000)
  to   space 45568K, 0% used [0x000000077a180000,0x000000077a180000,0x000000077ce00000)
 ParOldGen       total 338432K, used 80044K [0x00000006c7a00000, 0x00000006dc480000, 0x000000076d380000)
  object space 338432K, 23% used [0x00000006c7a00000,0x00000006cc82b288,0x00000006dc480000)
 Metaspace       used 115657K, capacity 134972K, committed 135208K, reserved 1167360K
  class space    used 16597K, capacity 17659K, committed 17712K, reserved 1048576K
Event: 19.565 GC heap after
Heap after GC invocations=19 (full 4):
 PSYoungGen      total 256512K, used 39726K [0x000000076d380000, 0x0000000782a00000, 0x00000007c0000000)
  eden space 210944K, 0% used [0x000000076d380000,0x000000076d380000,0x000000077a180000)
  from space 45568K, 87% used [0x000000077a180000,0x000000077c84b8d8,0x000000077ce00000)
  to   space 50176K, 0% used [0x000000077f900000,0x000000077f900000,0x0000000782a00000)
 ParOldGen       total 338432K, used 80060K [0x00000006c7a00000, 0x00000006dc480000, 0x000000076d380000)
  object space 338432K, 23% used [0x00000006c7a00000,0x00000006cc82f288,0x00000006dc480000)
 Metaspace       used 115657K, capacity 134972K, committed 135208K, reserved 1167360K
  class space    used 16597K, capacity 17659K, committed 17712K, reserved 1048576K
}
Event: 22.563 GC heap before
{Heap before GC invocations=20 (full 4):
 PSYoungGen      total 256512K, used 250670K [0x000000076d380000, 0x0000000782a00000, 0x00000007c0000000)
  eden space 210944K, 100% used [0x000000076d380000,0x000000077a180000,0x000000077a180000)
  from space 45568K, 87% used [0x000000077a180000,0x000000077c84b8d8,0x000000077ce00000)
  to   space 50176K, 0% used [0x000000077f900000,0x000000077f900000,0x0000000782a00000)
 ParOldGen       total 338432K, used 80060K [0x00000006c7a00000, 0x00000006dc480000, 0x000000076d380000)
  object space 338432K, 23% used [0x00000006c7a00000,0x00000006cc82f288,0x00000006dc480000)
 Metaspace       used 117356K, capacity 137286K, committed 137640K, reserved 1169408K
  class space    used 16889K, capacity 17991K, committed 18096K, reserved 1048576K

